  [1m[35m (4.0ms)[0m  [1m[35mCREATE TABLE "schema_migrations" ("version" varchar NOT NULL PRIMARY KEY)[0m
  [1m[35m (3.9ms)[0m  [1m[35mCREATE TABLE "ar_internal_metadata" ("key" varchar NOT NULL PRIMARY KEY, "value" varchar, "created_at" datetime(6) NOT NULL, "updated_at" datetime(6) NOT NULL)[0m
  [1m[36mActiveRecord::SchemaMigration Pluck (0.1ms)[0m  [1m[34mSELECT "schema_migrations"."version" FROM "schema_migrations" ORDER BY "schema_migrations"."version" ASC[0m
Migrating to CreateUsers (20231019094854)
  [1m[36mTRANSACTION (0.0ms)[0m  [1m[36mbegin transaction[0m
  [1m[35m (0.2ms)[0m  [1m[35mCREATE TABLE "users" ("id" integer PRIMARY KEY AUTOINCREMENT NOT NULL, "first_name" varchar, "last_name" varchar, "email" varchar, "password_digest" varchar, "created_at" datetime(6) NOT NULL, "updated_at" datetime(6) NOT NULL)[0m
  [1m[35m (0.1ms)[0m  [1m[35mCREATE UNIQUE INDEX "index_users_on_email" ON "users" ("email")[0m
  [1m[36mActiveRecord::SchemaMigration Create (0.1ms)[0m  [1m[32mINSERT INTO "schema_migrations" ("version") VALUES (?)[0m  [["version", "20231019094854"]]
  [1m[36mTRANSACTION (5.2ms)[0m  [1m[36mcommit transaction[0m
Migrating to CreateProducts (20231019100809)
  [1m[36mTRANSACTION (0.0ms)[0m  [1m[36mbegin transaction[0m
  [1m[35m (0.2ms)[0m  [1m[35mCREATE TABLE "products" ("id" integer PRIMARY KEY AUTOINCREMENT NOT NULL, "name" varchar, "description" text, "price" decimal, "barcode" varchar, "created_at" datetime(6) NOT NULL, "updated_at" datetime(6) NOT NULL)[0m
  [1m[35m (0.1ms)[0m  [1m[35mCREATE UNIQUE INDEX "index_products_on_barcode" ON "products" ("barcode")[0m
  [1m[36mActiveRecord::SchemaMigration Create (0.1ms)[0m  [1m[32mINSERT INTO "schema_migrations" ("version") VALUES (?)[0m  [["version", "20231019100809"]]
  [1m[36mTRANSACTION (5.6ms)[0m  [1m[36mcommit transaction[0m
Migrating to CreateProductInventories (20231019100836)
  [1m[36mTRANSACTION (0.0ms)[0m  [1m[36mbegin transaction[0m
  [1m[35m (0.2ms)[0m  [1m[35mCREATE TABLE "product_inventories" ("id" integer PRIMARY KEY AUTOINCREMENT NOT NULL, "product_id" integer NOT NULL, "stock_quantity" integer, "restock_alert_threshold" integer, "created_at" datetime(6) NOT NULL, "updated_at" datetime(6) NOT NULL, CONSTRAINT "fk_rails_889dd5a582"
FOREIGN KEY ("product_id")
  REFERENCES "products" ("id")
)[0m
  [1m[35m (0.1ms)[0m  [1m[35mCREATE INDEX "index_product_inventories_on_product_id" ON "product_inventories" ("product_id")[0m
  [1m[36mActiveRecord::SchemaMigration Create (0.1ms)[0m  [1m[32mINSERT INTO "schema_migrations" ("version") VALUES (?)[0m  [["version", "20231019100836"]]
  [1m[36mTRANSACTION (3.7ms)[0m  [1m[36mcommit transaction[0m
Migrating to CreateCategories (20231019100849)
  [1m[36mTRANSACTION (0.0ms)[0m  [1m[36mbegin transaction[0m
  [1m[35m (0.1ms)[0m  [1m[35mCREATE TABLE "categories" ("id" integer PRIMARY KEY AUTOINCREMENT NOT NULL, "name" varchar, "created_at" datetime(6) NOT NULL, "updated_at" datetime(6) NOT NULL)[0m
  [1m[35m (0.1ms)[0m  [1m[35mCREATE UNIQUE INDEX "index_categories_on_name" ON "categories" ("name")[0m
  [1m[36mActiveRecord::SchemaMigration Create (0.1ms)[0m  [1m[32mINSERT INTO "schema_migrations" ("version") VALUES (?)[0m  [["version", "20231019100849"]]
  [1m[36mTRANSACTION (3.8ms)[0m  [1m[36mcommit transaction[0m
Migrating to CreateProductCategories (20231019100907)
  [1m[36mTRANSACTION (0.0ms)[0m  [1m[36mbegin transaction[0m
  [1m[35m (0.2ms)[0m  [1m[35mCREATE TABLE "product_categories" ("id" integer PRIMARY KEY AUTOINCREMENT NOT NULL, "product_id" integer NOT NULL, "category_id" integer NOT NULL, "created_at" datetime(6) NOT NULL, "updated_at" datetime(6) NOT NULL, CONSTRAINT "fk_rails_98a9a32a41"
FOREIGN KEY ("product_id")
  REFERENCES "products" ("id")
, CONSTRAINT "fk_rails_005b71ca83"
FOREIGN KEY ("category_id")
  REFERENCES "categories" ("id")
)[0m
  [1m[35m (0.1ms)[0m  [1m[35mCREATE INDEX "index_product_categories_on_product_id" ON "product_categories" ("product_id")[0m
  [1m[35m (0.1ms)[0m  [1m[35mCREATE INDEX "index_product_categories_on_category_id" ON "product_categories" ("category_id")[0m
  [1m[36mActiveRecord::SchemaMigration Create (0.1ms)[0m  [1m[32mINSERT INTO "schema_migrations" ("version") VALUES (?)[0m  [["version", "20231019100907"]]
  [1m[36mTRANSACTION (3.7ms)[0m  [1m[36mcommit transaction[0m
  [1m[36mActiveRecord::InternalMetadata Load (0.1ms)[0m  [1m[34mSELECT "ar_internal_metadata".* FROM "ar_internal_metadata" WHERE "ar_internal_metadata"."key" = ? LIMIT ?[0m  [["key", "environment"], ["LIMIT", 1]]
  [1m[36mTRANSACTION (0.0ms)[0m  [1m[36mbegin transaction[0m
  [1m[36mActiveRecord::InternalMetadata Create (0.1ms)[0m  [1m[32mINSERT INTO "ar_internal_metadata" ("key", "value", "created_at", "updated_at") VALUES (?, ?, ?, ?)[0m  [["key", "environment"], ["value", "development"], ["created_at", "2023-10-19 10:09:55.484136"], ["updated_at", "2023-10-19 10:09:55.484136"]]
  [1m[36mTRANSACTION (3.1ms)[0m  [1m[36mcommit transaction[0m
  [1m[36mActiveRecord::SchemaMigration Pluck (0.0ms)[0m  [1m[34mSELECT "schema_migrations"."version" FROM "schema_migrations" ORDER BY "schema_migrations"."version" ASC[0m
Started GET "/" for 127.0.0.1 at 2023-10-19 13:10:04 +0300
  [1m[36mActiveRecord::SchemaMigration Pluck (0.1ms)[0m  [1m[34mSELECT "schema_migrations"."version" FROM "schema_migrations" ORDER BY "schema_migrations"."version" ASC[0m
Processing by Rails::WelcomeController#index as HTML
  Rendering /home/philip/.rbenv/versions/3.2.1/lib/ruby/gems/3.2.0/gems/railties-7.0.8/lib/rails/templates/rails/welcome/index.html.erb
  Rendered /home/philip/.rbenv/versions/3.2.1/lib/ruby/gems/3.2.0/gems/railties-7.0.8/lib/rails/templates/rails/welcome/index.html.erb (Duration: 1.3ms | Allocations: 589)
Completed 200 OK in 9ms (Views: 3.4ms | ActiveRecord: 0.0ms | Allocations: 5035)


Started GET "/routes" for 127.0.0.1 at 2023-10-19 13:10:08 +0300
  
ActionController::RoutingError (No route matches [GET] "/routes"):
  
Started GET "/favicon.ico" for 127.0.0.1 at 2023-10-19 13:10:08 +0300
  
ActionController::RoutingError (No route matches [GET] "/favicon.ico"):
  
Started GET "/routes" for 127.0.0.1 at 2023-10-19 13:13:32 +0300
  [1m[36mActiveRecord::SchemaMigration Pluck (0.1ms)[0m  [1m[34mSELECT "schema_migrations"."version" FROM "schema_migrations" ORDER BY "schema_migrations"."version" ASC[0m
  
ActionController::RoutingError (No route matches [GET] "/routes"):
  
Started GET "/rout" for 127.0.0.1 at 2023-10-19 13:13:44 +0300
  
ActionController::RoutingError (No route matches [GET] "/rout"):
  
Started GET "/" for 127.0.0.1 at 2023-10-19 13:13:50 +0300
Processing by Rails::WelcomeController#index as HTML
  Rendering /home/philip/.rbenv/versions/3.2.1/lib/ruby/gems/3.2.0/gems/railties-7.0.8/lib/rails/templates/rails/welcome/index.html.erb
  Rendered /home/philip/.rbenv/versions/3.2.1/lib/ruby/gems/3.2.0/gems/railties-7.0.8/lib/rails/templates/rails/welcome/index.html.erb (Duration: 0.5ms | Allocations: 281)
Completed 200 OK in 1ms (Views: 1.0ms | ActiveRecord: 0.0ms | Allocations: 1142)


Started GET "/routes" for 127.0.0.1 at 2023-10-19 13:13:54 +0300
  
ActionController::RoutingError (No route matches [GET] "/routes"):
  
Started GET "/api/v1/users" for 127.0.0.1 at 2023-10-19 13:14:48 +0300
  
ActionController::RoutingError (No route matches [GET] "/api/v1/users"):
  
Started GET "/api/v1/users" for 127.0.0.1 at 2023-10-19 13:14:51 +0300
  
ActionController::RoutingError (No route matches [GET] "/api/v1/users"):
  
Started GET "/api/v1/products" for 127.0.0.1 at 2023-10-19 13:15:05 +0300
Processing by Api::V1::ProductsController#index as HTML
[active_model_serializers] Rendered ActiveModel::Serializer::Null with Hash (0.08ms)
Filter chain halted as :authorized rendered or redirected
Completed 401 Unauthorized in 1ms (Views: 1.0ms | ActiveRecord: 0.0ms | Allocations: 967)


Started GET "/api/v1/users" for 127.0.0.1 at 2023-10-19 13:15:29 +0300
  
ActionController::RoutingError (No route matches [GET] "/api/v1/users"):
  
Started GET "/api/v1/users" for 127.0.0.1 at 2023-10-19 13:15:31 +0300
  
ActionController::RoutingError (No route matches [GET] "/api/v1/users"):
  
Started GET "/api/v1/users" for 127.0.0.1 at 2023-10-19 13:15:45 +0300
  [1m[36mActiveRecord::SchemaMigration Pluck (0.1ms)[0m  [1m[34mSELECT "schema_migrations"."version" FROM "schema_migrations" ORDER BY "schema_migrations"."version" ASC[0m
  
ActionController::RoutingError (No route matches [GET] "/api/v1/users"):
  
Started GET "/api/v1/users" for 127.0.0.1 at 2023-10-19 13:16:52 +0300
  [1m[36mActiveRecord::SchemaMigration Pluck (0.1ms)[0m  [1m[34mSELECT "schema_migrations"."version" FROM "schema_migrations" ORDER BY "schema_migrations"."version" ASC[0m
  
ActionController::RoutingError (No route matches [GET] "/api/v1/users"):
  
Started GET "/routes" for 127.0.0.1 at 2023-10-19 13:16:57 +0300
  
ActionController::RoutingError (No route matches [GET] "/routes"):
  
Started GET "/routes" for 127.0.0.1 at 2023-10-19 13:17:22 +0300
  
ActionController::RoutingError (No route matches [GET] "/routes"):
  
Started GET "/api/v1/users" for 127.0.0.1 at 2023-10-19 13:17:29 +0300
Processing by Api::V1::UsersController#index as HTML
[active_model_serializers] Rendered ActiveModel::Serializer::Null with Hash (0.09ms)
Filter chain halted as :authorized rendered or redirected
Completed 401 Unauthorized in 2ms (Views: 1.1ms | ActiveRecord: 0.0ms | Allocations: 1022)


